c:\users\ciber\src\latino\visualstudio\src\liblatino.dir\release\latsyslib.obj
c:\users\ciber\src\latino\visualstudio\src\liblatino.dir\release\latmathlib.obj
c:\users\ciber\src\latino\visualstudio\src\liblatino.dir\release\latfilelib.obj
c:\users\ciber\src\latino\visualstudio\src\liblatino.dir\release\latdiclib.obj
c:\users\ciber\src\latino\visualstudio\src\liblatino.dir\release\latlistlib.obj
c:\users\ciber\src\latino\visualstudio\src\liblatino.dir\release\latstrlib.obj
c:\users\ciber\src\latino\visualstudio\src\liblatino.dir\release\latbaselib.obj
c:\users\ciber\src\latino\visualstudio\src\liblatino.dir\release\latgc.obj
c:\users\ciber\src\latino\visualstudio\src\liblatino.dir\release\latrepl.obj
c:\users\ciber\src\latino\visualstudio\src\liblatino.dir\release\latpaqlib.obj
c:\users\ciber\src\latino\visualstudio\src\liblatino.dir\release\latobj.obj
c:\users\ciber\src\latino\visualstudio\src\liblatino.dir\release\latmv.obj
c:\users\ciber\src\latino\visualstudio\src\liblatino.dir\release\latlist.obj
c:\users\ciber\src\latino\visualstudio\src\liblatino.dir\release\latdo.obj
c:\users\ciber\src\latino\visualstudio\src\liblatino.dir\release\latdic.obj
c:\users\ciber\src\latino\visualstudio\src\liblatino.dir\release\latmem.obj
c:\users\ciber\src\latino\visualstudio\src\liblatino.dir\release\latast.obj
c:\users\ciber\src\latino\visualstudio\src\liblatino.dir\release\latparse.obj
c:\users\ciber\src\latino\visualstudio\src\liblatino.dir\release\latlex.obj
c:\users\ciber\src\latino\visualstudio\src\liblatino.dir\release\latino.obj
c:\users\ciber\src\latino\visualstudio\src\liblatino.dir\release\linenoise.obj
c:\users\ciber\src\latino\visualstudio\src\liblatino.dir\release\utf8.obj
c:\users\ciber\src\latino\visualstudio\src\liblatino.dir\release\latdevlib.obj
c:\users\ciber\src\latino\visualstudio\src\cmakefiles\generate.stamp
c:\users\ciber\src\latino\visualstudio\src\release\latino.lib
c:\users\ciber\src\latino\visualstudio\src\release\latino.exp
c:\users\ciber\src\latino\visualstudio\src\release\latino.dll
c:\users\ciber\src\latino\visualstudio\src\liblatino.dir\release\liblatino.tlog\cl.command.1.tlog
c:\users\ciber\src\latino\visualstudio\src\liblatino.dir\release\liblatino.tlog\cl.read.1.tlog
c:\users\ciber\src\latino\visualstudio\src\liblatino.dir\release\liblatino.tlog\cl.write.1.tlog
c:\users\ciber\src\latino\visualstudio\src\liblatino.dir\release\liblatino.tlog\custombuild.command.1.tlog
c:\users\ciber\src\latino\visualstudio\src\liblatino.dir\release\liblatino.tlog\custombuild.read.1.tlog
c:\users\ciber\src\latino\visualstudio\src\liblatino.dir\release\liblatino.tlog\custombuild.write.1.tlog
c:\users\ciber\src\latino\visualstudio\src\liblatino.dir\release\liblatino.tlog\liblatino.write.1u.tlog
c:\users\ciber\src\latino\visualstudio\src\liblatino.dir\release\liblatino.tlog\link.command.1.tlog
c:\users\ciber\src\latino\visualstudio\src\liblatino.dir\release\liblatino.tlog\link.read.1.tlog
c:\users\ciber\src\latino\visualstudio\src\liblatino.dir\release\liblatino.tlog\link.write.1.tlog
