c:\users\ciber\src\latino\visualstudio\src\liblatino_static.dir\release\latsyslib.obj
c:\users\ciber\src\latino\visualstudio\src\liblatino_static.dir\release\latmathlib.obj
c:\users\ciber\src\latino\visualstudio\src\liblatino_static.dir\release\latfilelib.obj
c:\users\ciber\src\latino\visualstudio\src\liblatino_static.dir\release\latdiclib.obj
c:\users\ciber\src\latino\visualstudio\src\liblatino_static.dir\release\latlistlib.obj
c:\users\ciber\src\latino\visualstudio\src\liblatino_static.dir\release\latstrlib.obj
c:\users\ciber\src\latino\visualstudio\src\liblatino_static.dir\release\latbaselib.obj
c:\users\ciber\src\latino\visualstudio\src\liblatino_static.dir\release\latgc.obj
c:\users\ciber\src\latino\visualstudio\src\liblatino_static.dir\release\latrepl.obj
c:\users\ciber\src\latino\visualstudio\src\liblatino_static.dir\release\latpaqlib.obj
c:\users\ciber\src\latino\visualstudio\src\liblatino_static.dir\release\latobj.obj
c:\users\ciber\src\latino\visualstudio\src\liblatino_static.dir\release\latmv.obj
c:\users\ciber\src\latino\visualstudio\src\liblatino_static.dir\release\latlist.obj
c:\users\ciber\src\latino\visualstudio\src\liblatino_static.dir\release\latdo.obj
c:\users\ciber\src\latino\visualstudio\src\liblatino_static.dir\release\latdic.obj
c:\users\ciber\src\latino\visualstudio\src\liblatino_static.dir\release\latmem.obj
c:\users\ciber\src\latino\visualstudio\src\liblatino_static.dir\release\latast.obj
c:\users\ciber\src\latino\visualstudio\src\liblatino_static.dir\release\latparse.obj
c:\users\ciber\src\latino\visualstudio\src\liblatino_static.dir\release\latlex.obj
c:\users\ciber\src\latino\visualstudio\src\liblatino_static.dir\release\latino.obj
c:\users\ciber\src\latino\visualstudio\src\liblatino_static.dir\release\linenoise.obj
c:\users\ciber\src\latino\visualstudio\src\liblatino_static.dir\release\utf8.obj
c:\users\ciber\src\latino\visualstudio\src\liblatino_static.dir\release\latdevlib.obj
c:\users\ciber\src\latino\visualstudio\src\cmakefiles\generate.stamp
c:\users\ciber\src\latino\visualstudio\src\release\liblatino_static.lib
c:\users\ciber\src\latino\visualstudio\src\liblatino_static.dir\release\liblatino_static.tlog\cl.command.1.tlog
c:\users\ciber\src\latino\visualstudio\src\liblatino_static.dir\release\liblatino_static.tlog\cl.read.1.tlog
c:\users\ciber\src\latino\visualstudio\src\liblatino_static.dir\release\liblatino_static.tlog\cl.write.1.tlog
c:\users\ciber\src\latino\visualstudio\src\liblatino_static.dir\release\liblatino_static.tlog\custombuild.command.1.tlog
c:\users\ciber\src\latino\visualstudio\src\liblatino_static.dir\release\liblatino_static.tlog\custombuild.read.1.tlog
c:\users\ciber\src\latino\visualstudio\src\liblatino_static.dir\release\liblatino_static.tlog\custombuild.write.1.tlog
c:\users\ciber\src\latino\visualstudio\src\liblatino_static.dir\release\liblatino_static.tlog\lib-link.read.1.tlog
c:\users\ciber\src\latino\visualstudio\src\liblatino_static.dir\release\liblatino_static.tlog\lib-link.write.1.tlog
c:\users\ciber\src\latino\visualstudio\src\liblatino_static.dir\release\liblatino_static.tlog\lib.command.1.tlog
