c:\users\ciber\documents\latino\visualstudio\src\latino.dir\release\linenoise.obj
c:\users\ciber\documents\latino\visualstudio\src\latino.dir\release\utf8.obj
c:\users\ciber\documents\latino\visualstudio\src\latino.dir\release\libio.obj
c:\users\ciber\documents\latino\visualstudio\src\latino.dir\release\libmath.obj
c:\users\ciber\documents\latino\visualstudio\src\latino.dir\release\parse.obj
c:\users\ciber\documents\latino\visualstudio\src\latino.dir\release\lex.obj
c:\users\ciber\documents\latino\visualstudio\src\latino.dir\release\libmem.obj
c:\users\ciber\documents\latino\visualstudio\src\latino.dir\release\libstring.obj
c:\users\ciber\documents\latino\visualstudio\src\latino.dir\release\object.obj
c:\users\ciber\documents\latino\visualstudio\src\latino.dir\release\vm.obj
c:\users\ciber\documents\latino\visualstudio\src\latino.dir\release\utils.obj
c:\users\ciber\documents\latino\visualstudio\src\latino.dir\release\ast.obj
c:\users\ciber\documents\latino\visualstudio\src\latino.dir\release\latino.obj
c:\users\ciber\documents\latino\visualstudio\src\cmakefiles\generate.stamp
c:\users\ciber\documents\latino\visualstudio\bin\release\latino.exe
c:\users\ciber\documents\latino\visualstudio\src\latino.dir\release\latino.tlog\cl.command.1.tlog
c:\users\ciber\documents\latino\visualstudio\src\latino.dir\release\latino.tlog\cl.read.1.tlog
c:\users\ciber\documents\latino\visualstudio\src\latino.dir\release\latino.tlog\cl.write.1.tlog
c:\users\ciber\documents\latino\visualstudio\src\latino.dir\release\latino.tlog\custombuild.command.1.tlog
c:\users\ciber\documents\latino\visualstudio\src\latino.dir\release\latino.tlog\custombuild.read.1.tlog
c:\users\ciber\documents\latino\visualstudio\src\latino.dir\release\latino.tlog\custombuild.write.1.tlog
c:\users\ciber\documents\latino\visualstudio\src\latino.dir\release\latino.tlog\link.command.1.tlog
c:\users\ciber\documents\latino\visualstudio\src\latino.dir\release\latino.tlog\link.read.1.tlog
c:\users\ciber\documents\latino\visualstudio\src\latino.dir\release\latino.tlog\link.write.1.tlog
