  Building Custom Rule C:/Users/ciber/Documents/latino/src/CMakeLists.txt
  CMake does not need to re-run because C:\Users\ciber\Documents\latino\visualstudio\src\CMakeFiles\generate.stamp is up-to-date.
  Microsoft (R) C/C++ Optimizing Compiler Version 19.00.23506 for x86
  Copyright (C) Microsoft Corporation.  All rights reserved.
  
  cl /c /W3 /WX- /O2 /Ob2 /Oy- /D WIN32 /D _WINDOWS /D NDEBUG /D _CRT_SECURE_NO_WARNINGS /D _DEBUG /D __STDC_CONSTANT_MACROS /D __STDC_FORMAT_MACROS /D __STDC_LIMIT_MACROS /D "CMAKE_INTDIR=\"Release\"" /D _MBCS /Gm- /MD /GS /fp:precise /Zc:wchar_t /Zc:forScope /Zc:inline /Fo"latino.dir\Release\\" /Fd"latino.dir\Release\vc140.pdb" /Gd /TC /analyze- /errorReport:prompt C:\Users\ciber\Documents\latino\src\latino.c C:\Users\ciber\Documents\latino\src\ast.c C:\Users\ciber\Documents\latino\src\utils.c C:\Users\ciber\Documents\latino\src\vm.c C:\Users\ciber\Documents\latino\src\object.c C:\Users\ciber\Documents\latino\src\libstring.c C:\Users\ciber\Documents\latino\src\libmem.c C:\Users\ciber\Documents\latino\src\lex.c C:\Users\ciber\Documents\latino\src\parse.c C:\Users\ciber\Documents\latino\src\libmath.c C:\Users\ciber\Documents\latino\src\libio.c C:\Users\ciber\Documents\latino\src\linenoise\utf8.c C:\Users\ciber\Documents\latino\src\linenoise\linenoise.c
  
  latino.c
  ast.c
  utils.c
C:\Users\ciber\Documents\latino\src\utils.c(53): warning C4018: '<': signed/unsigned mismatch
  vm.c
C:\Users\ciber\Documents\latino\src\vm.c(426): warning C4047: '=': 'list_node *' differs in levels of indirection from 'list_node **'
  object.c
  libstring.c
  libmem.c
  lex.c
  parse.c
  libmath.c
  libio.c
  utf8.c
  linenoise.c
  Generating Code...
c:\users\ciber\documents\latino\src\vm.c(781): warning C4715: 'lista_obtener_elemento': not all control paths return a value
  latino.vcxproj -> C:\Users\ciber\Documents\latino\visualstudio\bin\Release\latino.exe
