c:\users\proman02\documents\github\latino\build\src\latino.dir\debug\vc120.pdb
c:\users\proman02\documents\github\latino\build\src\latino.dir\debug\libio.obj
c:\users\proman02\documents\github\latino\build\src\latino.dir\debug\libmath.obj
c:\users\proman02\documents\github\latino\build\src\latino.dir\debug\parse.obj
c:\users\proman02\documents\github\latino\build\src\latino.dir\debug\lex.obj
c:\users\proman02\documents\github\latino\build\src\latino.dir\debug\libmem.obj
c:\users\proman02\documents\github\latino\build\src\latino.dir\debug\libstring.obj
c:\users\proman02\documents\github\latino\build\src\latino.dir\debug\object.obj
c:\users\proman02\documents\github\latino\build\src\latino.dir\debug\vm.obj
c:\users\proman02\documents\github\latino\build\src\latino.dir\debug\utils.obj
c:\users\proman02\documents\github\latino\build\src\latino.dir\debug\ast.obj
c:\users\proman02\documents\github\latino\build\src\latino.dir\debug\latino.obj
c:\users\proman02\documents\github\latino\build\bin\debug\latino.ilk
c:\users\proman02\documents\github\latino\build\bin\debug\latino.exe
c:\users\proman02\documents\github\latino\build\bin\debug\latino.pdb
c:\users\proman02\documents\github\latino\build\src\latino.dir\debug\latino.tlog\cl.command.1.tlog
c:\users\proman02\documents\github\latino\build\src\latino.dir\debug\latino.tlog\cl.read.1.tlog
c:\users\proman02\documents\github\latino\build\src\latino.dir\debug\latino.tlog\cl.write.1.tlog
c:\users\proman02\documents\github\latino\build\src\latino.dir\debug\latino.tlog\link.command.1.tlog
c:\users\proman02\documents\github\latino\build\src\latino.dir\debug\latino.tlog\link.read.1.tlog
c:\users\proman02\documents\github\latino\build\src\latino.dir\debug\latino.tlog\link.write.1.tlog
