Build started 28/01/2016 10:15:21.
     1>Project "C:\Users\proman02\Documents\GitHub\latino\build\src\latino.vcxproj" on node 2 (Rebuild target(s)).
     1>ClCompile:
         C:\Program Files (x86)\Microsoft Visual Studio 12.0\VC\bin\CL.exe /c /I"C:\Program Files (x86)\Visual Leak Detector\include" /Zi /nologo /W4 /WX- /Od /Ob0 /Oy- /D WIN32 /D _WINDOWS /D _DEBUG /D _CRT_SECURE_NO_WARNINGS /D _DEBUG /D __STDC_CONSTANT_MACROS /D __STDC_FORMAT_MACROS /D __STDC_LIMIT_MACROS /D "CMAKE_INTDIR=\"Debug\"" /D _MBCS /Gm- /RTC1 /MDd /GS /fp:precise /Zc:wchar_t /Zc:forScope /Fo"latino.dir\Debug\\" /Fd"latino.dir\Debug\vc120.pdb" /Gd /TC /analyze- /errorReport:prompt C:\Users\proman02\Documents\GitHub\latino\src\latino.c C:\Users\proman02\Documents\GitHub\latino\src\ast.c C:\Users\proman02\Documents\GitHub\latino\src\utils.c C:\Users\proman02\Documents\GitHub\latino\src\vm.c C:\Users\proman02\Documents\GitHub\latino\src\object.c C:\Users\proman02\Documents\GitHub\latino\src\libstring.c C:\Users\proman02\Documents\GitHub\latino\src\libmem.c C:\Users\proman02\Documents\GitHub\latino\src\lex.c C:\Users\proman02\Documents\GitHub\latino\src\parse.c C:\Users\proman02\Documents\GitHub\latino\src\libmath.c C:\Users\proman02\Documents\GitHub\latino\src\libio.c
         latino.c
         ast.c
     1>C:\Users\proman02\Documents\GitHub\latino\src\ast.c(13): warning C4100: 'root' : unreferenced formal parameter
     1>C:\Users\proman02\Documents\GitHub\latino\src\ast.c(13): warning C4100: 'scanner' : unreferenced formal parameter
     1>C:\Users\proman02\Documents\GitHub\latino\src\ast.c(108): warning C4100: 'l' : unreferenced formal parameter
         utils.c
     1>C:\Users\proman02\Documents\GitHub\latino\src\utils.c(69): warning C4244: '=' : conversion from 'int' to 'char', possible loss of data
     1>C:\Users\proman02\Documents\GitHub\latino\src\utils.c(143): warning C4018: '>' : signed/unsigned mismatch
     1>C:\Users\proman02\Documents\GitHub\latino\src\utils.c(264): warning C4172: returning address of local variable or temporary
     1>C:\Users\proman02\Documents\GitHub\latino\src\utils.c(281): warning C4244: '=' : conversion from 'int' to 'char', possible loss of data
     1>C:\Users\proman02\Documents\GitHub\latino\src\utils.c(292): warning C4244: '=' : conversion from 'int' to 'char', possible loss of data
     1>C:\Users\proman02\Documents\GitHub\latino\src\utils.c(301): warning C4090: '=' : different 'const' qualifiers
         vm.c
     1>C:\Users\proman02\Documents\GitHub\latino\src\vm.c(418): warning C4244: 'function' : conversion from 'int' to 'char', possible loss of data
     1>C:\Users\proman02\Documents\GitHub\latino\src\vm.c(495): warning C4244: 'function' : conversion from 'int' to 'char', possible loss of data
     1>C:\Users\proman02\Documents\GitHub\latino\src\vm.c(901): warning C4055: 'type cast' : from data pointer 'void *' to function pointer 'void (__cdecl *)(lat_vm *)'
         object.c
     1>C:\Users\proman02\Documents\GitHub\latino\src\object.c(57): warning C4100: 'vm' : unreferenced formal parameter
     1>C:\Users\proman02\Documents\GitHub\latino\src\object.c(101): warning C4100: 'vm' : unreferenced formal parameter
     1>C:\Users\proman02\Documents\GitHub\latino\src\object.c(154): warning C4244: 'function' : conversion from 'int' to 'unsigned char', possible loss of data
     1>C:\Users\proman02\Documents\GitHub\latino\src\object.c(157): warning C4244: 'function' : conversion from 'int' to 'unsigned char', possible loss of data
     1>C:\Users\proman02\Documents\GitHub\latino\src\object.c(196): warning C4100: 'vm' : unreferenced formal parameter
         libstring.c
     1>C:\Users\proman02\Documents\GitHub\latino\src\libstring.c(7): warning C4127: conditional expression is constant
     1>C:\Users\proman02\Documents\GitHub\latino\src\libstring.c(39): warning C4127: conditional expression is constant
     1>C:\Users\proman02\Documents\GitHub\latino\src\libstring.c(47): warning C4090: '=' : different 'const' qualifiers
     1>C:\Users\proman02\Documents\GitHub\latino\src\libstring.c(235): warning C4013: 'trim' undefined; assuming extern returning int
     1>C:\Users\proman02\Documents\GitHub\latino\src\libstring.c(235): warning C4047: 'function' : 'char *' differs in levels of indirection from 'int'
     1>C:\Users\proman02\Documents\GitHub\latino\src\libstring.c(235): warning C4024: 'lat_str' : different types for formal and actual parameter 2
         libmem.c
         lex.c
     1>lex.c(860): warning C4127: conditional expression is constant
     1>lex.c(876): warning C4244: 'initializing' : conversion from 'flex_int32_t' to 'YY_CHAR', possible loss of data
     1>lex.c(886): warning C4244: '=' : conversion from 'flex_int32_t' to 'YY_CHAR', possible loss of data
     1>lex.c(908): warning C4127: conditional expression is constant
     1>lex.c(1218): warning C4127: conditional expression is constant
     1>lex.c(1426): warning C4244: 'initializing' : conversion from 'int' to 'YY_CHAR', possible loss of data
     1>lex.c(1436): warning C4244: '=' : conversion from 'flex_int32_t' to 'YY_CHAR', possible loss of data
     1>lex.c(1465): warning C4244: '=' : conversion from 'flex_int32_t' to 'YY_CHAR', possible loss of data
     1>lex.c(1564): warning C4127: conditional expression is constant
     1>lex.c(1591): warning C4127: conditional expression is constant
     1>lex.c(1960): warning C4100: 'yyscanner' : unreferenced formal parameter
     1>lex.c(2304): warning C4100: 'yyscanner' : unreferenced formal parameter
     1>lex.c(2309): warning C4100: 'yyscanner' : unreferenced formal parameter
     1>lex.c(2321): warning C4100: 'yyscanner' : unreferenced formal parameter
         parse.c
     1>parse.c(1224): warning C4127: conditional expression is constant
     1>parse.c(1321): warning C4127: conditional expression is constant
     1>parse.c(1339): warning C4244: '=' : conversion from 'int' to 'yytype_int16', possible loss of data
     1>parse.c(1386): warning C4127: conditional expression is constant
     1>parse.c(1387): warning C4127: conditional expression is constant
     1>parse.c(1388): warning C4127: conditional expression is constant
     1>parse.c(1401): warning C4127: conditional expression is constant
     1>parse.c(1407): warning C4127: conditional expression is constant
     1>parse.c(1432): warning C4127: conditional expression is constant
     1>parse.c(1433): warning C4013: 'yylex' undefined; assuming extern returning int
     1>parse.c(1439): warning C4127: conditional expression is constant
     1>parse.c(1444): warning C4127: conditional expression is constant
     1>parse.c(1467): warning C4127: conditional expression is constant
     1>parse.c(1508): warning C4127: conditional expression is constant
     1>parse.c(1509): warning C4127: conditional expression is constant
     1>parse.y(166): warning C4013: 'ast_new_op' undefined; assuming extern returning int
     1>parse.y(166): warning C4047: '=' : 'ast *' differs in levels of indirection from 'int'
     1>parse.y(167): warning C4047: '=' : 'ast *' differs in levels of indirection from 'int'
     1>parse.y(168): warning C4047: '=' : 'ast *' differs in levels of indirection from 'int'
     1>parse.y(169): warning C4047: '=' : 'ast *' differs in levels of indirection from 'int'
     1>parse.y(170): warning C4047: '=' : 'ast *' differs in levels of indirection from 'int'
     1>parse.y(171): warning C4047: '=' : 'ast *' differs in levels of indirection from 'int'
     1>parse.y(172): warning C4047: '=' : 'ast *' differs in levels of indirection from 'int'
     1>parse.y(173): warning C4047: '=' : 'ast *' differs in levels of indirection from 'int'
     1>parse.y(174): warning C4047: '=' : 'ast *' differs in levels of indirection from 'int'
     1>parse.y(175): warning C4047: '=' : 'ast *' differs in levels of indirection from 'int'
     1>parse.y(176): warning C4047: '=' : 'ast *' differs in levels of indirection from 'int'
     1>parse.y(177): warning C4047: '=' : 'ast *' differs in levels of indirection from 'int'
     1>parse.y(178): warning C4047: '=' : 'ast *' differs in levels of indirection from 'int'
     1>parse.y(179): warning C4047: '=' : 'ast *' differs in levels of indirection from 'int'
     1>parse.y(181): warning C4047: '=' : 'ast *' differs in levels of indirection from 'int'
     1>parse.y(193): warning C4013: 'ast_new_bool' undefined; assuming extern returning int
     1>parse.y(193): warning C4047: '=' : 'ast *' differs in levels of indirection from 'int'
     1>parse.y(194): warning C4047: '=' : 'ast *' differs in levels of indirection from 'int'
     1>parse.c(1962): warning C4127: conditional expression is constant
     1>parse.c(1966): warning C4127: conditional expression is constant
     1>parse.c(2068): warning C4127: conditional expression is constant
     1>parse.c(2076): warning C4127: conditional expression is constant
     1>parse.c(2110): warning C4127: conditional expression is constant
     1>parse.c(2120): warning C4127: conditional expression is constant
     1>parse.c(2124): warning C4127: conditional expression is constant
     1>parse.c(2166): warning C4127: conditional expression is constant
         libmath.c
         libio.c
     1>C:\Users\proman02\Documents\GitHub\latino\src\libio.c(14): warning C4100: 'vm' : unreferenced formal parameter
     1>C:\Users\proman02\Documents\GitHub\latino\src\libio.c(17): warning C4100: 'vm' : unreferenced formal parameter
     1>C:\Users\proman02\Documents\GitHub\latino\src\libio.c(20): warning C4100: 'vm' : unreferenced formal parameter
         Generating Code...
     1>c:\users\proman02\documents\github\latino\build\src\parse.c(2071): warning C4702: unreachable code
     1>c:\users\proman02\documents\github\latino\build\src\parse.c(2076): warning C4702: unreachable code
     1>c:\users\proman02\documents\github\latino\build\src\parse.c(2077): warning C4702: unreachable code
     1>c:\users\proman02\documents\github\latino\src\utils.c(254): warning C4706: assignment within conditional expression
     1>c:\users\proman02\documents\github\latino\src\ast.c(16): warning C4702: unreachable code
       Link:
         C:\Program Files (x86)\Microsoft Visual Studio 12.0\VC\bin\link.exe /ERRORREPORT:PROMPT /OUT:"C:\Users\proman02\Documents\GitHub\latino\build\bin\Debug\latino.exe" /INCREMENTAL /NOLOGO /LIBPATH:"C:\Program Files (x86)\Visual Leak Detector\lib\Win32" kernel32.lib user32.lib gdi32.lib winspool.lib shell32.lib ole32.lib oleaut32.lib uuid.lib comdlg32.lib advapi32.lib /MANIFEST /MANIFESTUAC:"level='asInvoker' uiAccess='false'" /manifest:embed /DEBUG /PDB:"C:/Users/proman02/Documents/GitHub/latino/build/bin/Debug/latino.pdb" /SUBSYSTEM:CONSOLE /TLBID:1 /DYNAMICBASE /NXCOMPAT /IMPLIB:"C:/Users/proman02/Documents/GitHub/latino/build/bin/Debug/latino.lib" /MACHINE:X86 /SAFESEH  /machine:X86 /debug latino.dir\Debug\latino.obj
         latino.dir\Debug\ast.obj
         latino.dir\Debug\utils.obj
         latino.dir\Debug\vm.obj
         latino.dir\Debug\object.obj
         latino.dir\Debug\libstring.obj
         latino.dir\Debug\libmem.obj
         latino.dir\Debug\lex.obj
         latino.dir\Debug\parse.obj
         latino.dir\Debug\libmath.obj
         latino.dir\Debug\libio.obj
         latino.vcxproj -> C:\Users\proman02\Documents\GitHub\latino\build\bin\Debug\latino.exe
     1>Done Building Project "C:\Users\proman02\Documents\GitHub\latino\build\src\latino.vcxproj" (Rebuild target(s)).

Build succeeded.

Time Elapsed 00:00:04.78
