  Building Custom Rule C:/Users/ciber/src/latino/src/linenoise/CMakeLists.txt
  CMake does not need to re-run because C:/Users/ciber/src/latino/visualstudio/src/linenoise/CMakeFiles/generate.stamp is up-to-date.
  Compilador de optimización de C/C++ de Microsoft (R) versión 19.21.27702.2 para x64
  (C) Microsoft Corporation. Todos los derechos reservados.
  cl /c /Zi /W4 /WX- /diagnostics:column /Od /Ob0 /D WIN32 /D _WINDOWS /D _CRT_SECURE_NO_WARNINGS /D _DEBUG /D __STDC_CONSTANT_MACROS /D __STDC_FORMAT_MACROS /D __STDC_LIMIT_MACROS /D "CMAKE_INTDIR=\"Debug\"" /D _MBCS /Gm- /RTC1 /MDd /GS /fp:precise /Zc:wchar_t /Zc:forScope /Zc:inline /Fo"linenoise.dir\Debug\\" /Fd"linenoise.dir\Debug\linenoise.pdb" /Gd /TC /errorReport:prompt C:\Users\ciber\src\latino\src\linenoise\linenoise.c
  linenoise.c
C:\Users\ciber\src\latino\src\linenoise\linenoise.c(733,47): warning C4100:  'prompt': parámetro formal sin referencia
C:\Users\ciber\src\latino\src\linenoise\linenoise.c(761,13): warning C4244:  '=': conversión de 'int' a 'char'; posible pérdida de datos
C:\Users\ciber\src\latino\src\linenoise\linenoise.c(795,26): warning C4267:  '=': conversión de 'size_t' a 'int'; posible pérdida de datos
C:\Users\ciber\src\latino\src\linenoise\linenoise.c(851,15): warning C4456:  la declaración de 'ch' oculta la declaración local anterior
C:\Users\ciber\src\latino\src\linenoise\linenoise.c(789,9): message :  vea la declaración de 'ch'
C:\Users\ciber\src\latino\src\linenoise\linenoise.c(864,48): warning C4244:  'función': conversión de 'int' a 'char'; posible pérdida de datos
C:\Users\ciber\src\latino\src\linenoise\linenoise.c(882,40): warning C4267:  '=': conversión de 'size_t' a 'int'; posible pérdida de datos
C:\Users\ciber\src\latino\src\linenoise\linenoise.c(1062,52): warning C4267:  '=': conversión de 'size_t' a 'int'; posible pérdida de datos
C:\Users\ciber\src\latino\src\linenoise\linenoise.c(1230,31): warning C4456:  la declaración de 'p' oculta la declaración local anterior
C:\Users\ciber\src\latino\src\linenoise\linenoise.c(1220,29): message :  vea la declaración de 'p'
C:\Users\ciber\src\latino\src\linenoise\linenoise.c(1232,44): warning C4267:  '=': conversión de 'size_t' a 'int'; posible pérdida de datos
C:\Users\ciber\src\latino\src\linenoise\linenoise.c(1285,75): warning C4244:  '=': conversión de '__int64' a 'int'; posible pérdida de datos
C:\Users\ciber\src\latino\src\linenoise\linenoise.c(1452,28): warning C4267:  '=': conversión de 'size_t' a 'int'; posible pérdida de datos
  linenoise.vcxproj -> C:\Users\ciber\src\latino\visualstudio\src\linenoise\Debug\linenoise.lib
