c:\users\layout\desktop\latino\visualstudio\src\latino.dir\debug\vc141.pdb
c:\users\layout\desktop\latino\visualstudio\src\latino.dir\debug\latsyslib.obj
c:\users\layout\desktop\latino\visualstudio\src\latino.dir\debug\latmathlib.obj
c:\users\layout\desktop\latino\visualstudio\src\latino.dir\debug\latfilelib.obj
c:\users\layout\desktop\latino\visualstudio\src\latino.dir\debug\latdiclib.obj
c:\users\layout\desktop\latino\visualstudio\src\latino.dir\debug\latlistlib.obj
c:\users\layout\desktop\latino\visualstudio\src\latino.dir\debug\latstrlib.obj
c:\users\layout\desktop\latino\visualstudio\src\latino.dir\debug\latbaselib.obj
c:\users\layout\desktop\latino\visualstudio\src\latino.dir\debug\latgc.obj
c:\users\layout\desktop\latino\visualstudio\src\latino.dir\debug\latrepl.obj
c:\users\layout\desktop\latino\visualstudio\src\latino.dir\debug\latpaqlib.obj
c:\users\layout\desktop\latino\visualstudio\src\latino.dir\debug\latobj.obj
c:\users\layout\desktop\latino\visualstudio\src\latino.dir\debug\latmv.obj
c:\users\layout\desktop\latino\visualstudio\src\latino.dir\debug\latlist.obj
c:\users\layout\desktop\latino\visualstudio\src\latino.dir\debug\latdo.obj
c:\users\layout\desktop\latino\visualstudio\src\latino.dir\debug\latdic.obj
c:\users\layout\desktop\latino\visualstudio\src\latino.dir\debug\latmem.obj
c:\users\layout\desktop\latino\visualstudio\src\latino.dir\debug\latast.obj
c:\users\layout\desktop\latino\visualstudio\src\latino.dir\debug\latparse.obj
c:\users\layout\desktop\latino\visualstudio\src\latino.dir\debug\latlex.obj
c:\users\layout\desktop\latino\visualstudio\src\latino.dir\debug\latino.obj
c:\users\layout\desktop\latino\visualstudio\src\latino.dir\debug\linenoise.obj
c:\users\layout\desktop\latino\visualstudio\src\latino.dir\debug\utf8.obj
c:\users\layout\desktop\latino\visualstudio\src\latino.dir\debug\latdevlib.obj
c:\users\layout\desktop\latino\visualstudio\src\cmakefiles\generate.stamp
c:\users\layout\desktop\latino\visualstudio\src\latino.dir\debug\latino.tlog\cl.command.1.tlog
c:\users\layout\desktop\latino\visualstudio\src\latino.dir\debug\latino.tlog\cl.read.1.tlog
c:\users\layout\desktop\latino\visualstudio\src\latino.dir\debug\latino.tlog\cl.write.1.tlog
c:\users\layout\desktop\latino\visualstudio\src\latino.dir\debug\latino.tlog\custombuild.command.1.tlog
c:\users\layout\desktop\latino\visualstudio\src\latino.dir\debug\latino.tlog\custombuild.read.1.tlog
c:\users\layout\desktop\latino\visualstudio\src\latino.dir\debug\latino.tlog\custombuild.write.1.tlog
c:\users\layout\desktop\latino\visualstudio\src\latino.dir\debug\latino.tlog\link.command.1.tlog
c:\users\layout\desktop\latino\visualstudio\src\latino.dir\debug\latino.tlog\link.read.1.tlog
