c:\users\primi\documents\latino\build\src\latino.dir\release\libmath.obj
c:\users\primi\documents\latino\build\src\latino.dir\release\parse.obj
c:\users\primi\documents\latino\build\src\latino.dir\release\lex.obj
c:\users\primi\documents\latino\build\src\latino.dir\release\libmem.obj
c:\users\primi\documents\latino\build\src\latino.dir\release\libstring.obj
c:\users\primi\documents\latino\build\src\latino.dir\release\object.obj
c:\users\primi\documents\latino\build\src\latino.dir\release\vm.obj
c:\users\primi\documents\latino\build\src\latino.dir\release\utils.obj
c:\users\primi\documents\latino\build\src\latino.dir\release\ast.obj
c:\users\primi\documents\latino\build\src\latino.dir\release\latino.obj
c:\users\primi\documents\latino\build\src\cmakefiles\generate.stamp
c:\users\primi\documents\latino\build\bin\release\latino.exe
c:\users\primi\documents\latino\build\src\latino.dir\release\latino.tlog\cl.command.1.tlog
c:\users\primi\documents\latino\build\src\latino.dir\release\latino.tlog\cl.read.1.tlog
c:\users\primi\documents\latino\build\src\latino.dir\release\latino.tlog\cl.write.1.tlog
c:\users\primi\documents\latino\build\src\latino.dir\release\latino.tlog\custombuild.command.1.tlog
c:\users\primi\documents\latino\build\src\latino.dir\release\latino.tlog\custombuild.read.1.tlog
c:\users\primi\documents\latino\build\src\latino.dir\release\latino.tlog\custombuild.write.1.tlog
c:\users\primi\documents\latino\build\src\latino.dir\release\latino.tlog\link.command.1.tlog
c:\users\primi\documents\latino\build\src\latino.dir\release\latino.tlog\link.read.1.tlog
c:\users\primi\documents\latino\build\src\latino.dir\release\latino.tlog\link.write.1.tlog
