  Building Custom Rule C:/Users/ciber/src/latino/src/regex-2.7-src/src/CMakeLists.txt
  CMake does not need to re-run because C:/Users/ciber/src/latino/visualstudio/src/regex-2.7-src/src/CMakeFiles/generate.stamp is up-to-date.
  Compilador de optimización de C/C++ de Microsoft (R) versión 19.21.27702.2 para x64
  (C) Microsoft Corporation. Todos los derechos reservados.
  cl /c /I"C:\Users\ciber\src\latino\src\regex-2.7-src\src" /W4 /WX- /diagnostics:column /O2 /Ob2 /D WIN32 /D _WINDOWS /D NDEBUG /D _CRT_SECURE_NO_WARNINGS /D _DEBUG /D __STDC_CONSTANT_MACROS /D __STDC_FORMAT_MACROS /D __STDC_LIMIT_MACROS /D "CMAKE_INTDIR=\"Release\"" /D _MBCS /Gm- /MD /GS /fp:precise /Zc:wchar_t /Zc:forScope /Zc:inline /Fo"regex2.dir\Release\\" /Fd"regex2.dir\Release\regex2.pdb" /Gd /TC /errorReport:prompt "C:\Users\ciber\src\latino\src\regex-2.7-src\src\regex.c"
  regex.c
C:\Users\ciber\src\latino\src\regex-2.7-src\src\regex_internal.c(57,43): warning C4244:  '=': conversión de 'const unsigned int' a 'unsigned char'; posible pérdida de datos
C:\Users\ciber\src\latino\src\regex-2.7-src\src\regex_internal.c(175,31): warning C4244:  '=': conversión de 'const unsigned int' a 'unsigned char'; posible pérdida de datos
C:\Users\ciber\src\latino\src\regex-2.7-src\src\regex_internal.c(176,41): warning C4244:  '=': conversión de 'const unsigned int' a 'unsigned char'; posible pérdida de datos
C:\Users\ciber\src\latino\src\regex-2.7-src\src\regex_internal.c(530,36): warning C4244:  '=': conversión de 'int' a 'unsigned char'; posible pérdida de datos
C:\Users\ciber\src\latino\src\regex-2.7-src\src\regex_internal.c(532,26): warning C4244:  '=': conversión de 'int' a 'unsigned char'; posible pérdida de datos
C:\Users\ciber\src\latino\src\regex-2.7-src\src\regex_internal.c(678,8): warning C4189:  'prev_valid_len': la variable local se ha inicializado pero no se hace referencia a ella
C:\Users\ciber\src\latino\src\regex-2.7-src\src\regex_internal.c(854,12): warning C4244:  'return': conversión de 'int' a 'unsigned char'; posible pérdida de datos
C:\Users\ciber\src\latino\src\regex-2.7-src\src\regex_internal.c(1437,26): warning C4267:  'return': conversión de 'size_t' a 'int'; posible pérdida de datos
C:\Users\ciber\src\latino\src\regex-2.7-src\src\regex_internal.c(1399,7): warning C4189:  'type': la variable local se ha inicializado pero no se hace referencia a ella
C:\Users\ciber\src\latino\src\regex-2.7-src\src\regcomp.c(215,16): warning C4131:  're_compile_pattern': utiliza el declarador de estilo anterior
C:\Users\ciber\src\latino\src\regex-2.7-src\src\regcomp.c(215,16): warning C4273:  're_compile_pattern': vinculación de DLL incoherente
C:\Users\ciber\src\latino\src\regex-2.7-src\src\regex.h(482,30): message :  vea la definición anterior de 're_compile_pattern'
C:\Users\ciber\src\latino\src\regex-2.7-src\src\regcomp.c(244,31): warning C4273:  're_syntax_options': vinculación de DLL incoherente
C:\Users\ciber\src\latino\src\regex-2.7-src\src\regex.h(214,31): message :  vea la definición anterior de 're_syntax_options'
C:\Users\ciber\src\latino\src\regex-2.7-src\src\regcomp.c(256,18): warning C4131:  're_set_syntax': utiliza el declarador de estilo anterior
C:\Users\ciber\src\latino\src\regex-2.7-src\src\regcomp.c(256,18): warning C4273:  're_set_syntax': vinculación de DLL incoherente
C:\Users\ciber\src\latino\src\regex-2.7-src\src\regex.h(477,31): message :  vea la definición anterior de 're_set_syntax'
C:\Users\ciber\src\latino\src\regex-2.7-src\src\regcomp.c(269,30): warning C4131:  're_compile_fastmap': utiliza el declarador de estilo anterior
C:\Users\ciber\src\latino\src\regex-2.7-src\src\regcomp.c(269,30): warning C4273:  're_compile_fastmap': vinculación de DLL incoherente
C:\Users\ciber\src\latino\src\regex-2.7-src\src\regex.h(489,22): message :  vea la definición anterior de 're_compile_fastmap'
C:\Users\ciber\src\latino\src\regex-2.7-src\src\regcomp.c(448,13): warning C4131:  'regcomp': utiliza el declarador de estilo anterior
C:\Users\ciber\src\latino\src\regex-2.7-src\src\regcomp.c(448,13): warning C4273:  'regcomp': vinculación de DLL incoherente
C:\Users\ciber\src\latino\src\regex-2.7-src\src\regex.h(570,22): message :  vea la definición anterior de 'regcomp'
C:\Users\ciber\src\latino\src\regex-2.7-src\src\regcomp.c(510,9): warning C4131:  'regerror': utiliza el declarador de estilo anterior
C:\Users\ciber\src\latino\src\regex-2.7-src\src\regcomp.c(510,9): warning C4273:  'regerror': vinculación de DLL incoherente
C:\Users\ciber\src\latino\src\regex-2.7-src\src\regex.h(579,25): message :  vea la definición anterior de 'regerror'
C:\Users\ciber\src\latino\src\regex-2.7-src\src\regcomp.c(509,20): warning C4100:  'preg': parámetro formal sin referencia
C:\Users\ciber\src\latino\src\regex-2.7-src\src\regcomp.c(590,19): warning C4018:  '<=': no coinciden signed/unsigned
C:\Users\ciber\src\latino\src\regex-2.7-src\src\regcomp.c(618,13): warning C4131:  'regfree': utiliza el declarador de estilo anterior
C:\Users\ciber\src\latino\src\regex-2.7-src\src\regcomp.c(618,13): warning C4273:  'regfree': vinculación de DLL incoherente
C:\Users\ciber\src\latino\src\regex-2.7-src\src\regex.h(582,23): message :  vea la definición anterior de 'regfree'
C:\Users\ciber\src\latino\src\regex-2.7-src\src\regcomp.c(758,54): warning C4267:  'función': conversión de 'size_t' a 'int'; posible pérdida de datos
C:\Users\ciber\src\latino\src\regex-2.7-src\src\regcomp.c(1327,18): warning C4100:  'extra': parámetro formal sin referencia
C:\Users\ciber\src\latino\src\regex-2.7-src\src\regcomp.c(1526,32): warning C4267:  '=': conversión de 'size_t' a 'int'; posible pérdida de datos
C:\Users\ciber\src\latino\src\regex-2.7-src\src\regcomp.c(2410,33): warning C4267:  '=': conversión de 'size_t' a 'int'; posible pérdida de datos
C:\Users\ciber\src\latino\src\regex-2.7-src\src\regcomp.c(2513,74): warning C4312:  'conversión de tipo': conversión de 'long' a 'void *' de mayor tamaño
C:\Users\ciber\src\latino\src\regex-2.7-src\src\regcomp.c(3260,54): warning C4100:  'dfa': parámetro formal sin referencia
C:\Users\ciber\src\latino\src\regex-2.7-src\src\regcomp.c(3726,31): warning C4311:  'conversión de tipo': truncamiento de puntero de 'void *' a 'long'
C:\Users\ciber\src\latino\src\regex-2.7-src\src\regcomp.c(3751,18): warning C4100:  'extra': parámetro formal sin referencia
C:\Users\ciber\src\latino\src\regex-2.7-src\src\regexec.c(222,19): warning C4131:  'regexec': utiliza el declarador de estilo anterior
C:\Users\ciber\src\latino\src\regex-2.7-src\src\regexec.c(222,19): warning C4273:  'regexec': vinculación de DLL incoherente
C:\Users\ciber\src\latino\src\regex-2.7-src\src\regex.h(574,22): message :  vea la definición anterior de 'regexec'
C:\Users\ciber\src\latino\src\regex-2.7-src\src\regexec.c(243,31): warning C4267:  '=': conversión de 'size_t' a 'int'; posible pérdida de datos
C:\Users\ciber\src\latino\src\regex-2.7-src\src\regexec.c(230,13): warning C4189:  'dfa': la variable local se ha inicializado pero no se hace referencia a ella
C:\Users\ciber\src\latino\src\regex-2.7-src\src\regexec.c(308,30): warning C4131:  're_match': utiliza el declarador de estilo anterior
C:\Users\ciber\src\latino\src\regex-2.7-src\src\regexec.c(308,30): warning C4273:  're_match': vinculación de DLL incoherente
C:\Users\ciber\src\latino\src\regex-2.7-src\src\regex.h(512,22): message :  vea la definición anterior de 're_match'
C:\Users\ciber\src\latino\src\regex-2.7-src\src\regexec.c(321,30): warning C4131:  're_search': utiliza el declarador de estilo anterior
C:\Users\ciber\src\latino\src\regex-2.7-src\src\regexec.c(321,30): warning C4273:  're_search': vinculación de DLL incoherente
C:\Users\ciber\src\latino\src\regex-2.7-src\src\regex.h(497,22): message :  vea la definición anterior de 're_search'
C:\Users\ciber\src\latino\src\regex-2.7-src\src\regexec.c(334,30): warning C4131:  're_match_2': utiliza el declarador de estilo anterior
C:\Users\ciber\src\latino\src\regex-2.7-src\src\regexec.c(334,30): warning C4273:  're_match_2': vinculación de DLL incoherente
C:\Users\ciber\src\latino\src\regex-2.7-src\src\regex.h(517,22): message :  vea la definición anterior de 're_match_2'
C:\Users\ciber\src\latino\src\regex-2.7-src\src\regexec.c(348,30): warning C4131:  're_search_2': utiliza el declarador de estilo anterior
C:\Users\ciber\src\latino\src\regex-2.7-src\src\regexec.c(348,30): warning C4273:  're_search_2': vinculación de DLL incoherente
C:\Users\ciber\src\latino\src\regex-2.7-src\src\regex.h(504,22): message :  vea la definición anterior de 're_search_2'
C:\Users\ciber\src\latino\src\regex-2.7-src\src\regexec.c(363,30): warning C4131:  're_search_2_stub': utiliza el declarador de estilo anterior
C:\Users\ciber\src\latino\src\regex-2.7-src\src\regexec.c(412,30): warning C4131:  're_search_stub': utiliza el declarador de estilo anterior
C:\Users\ciber\src\latino\src\regex-2.7-src\src\regexec.c(458,30): warning C4267:  '=': conversión de 'size_t' a 'int'; posible pérdida de datos
C:\Users\ciber\src\latino\src\regex-2.7-src\src\regexec.c(421,13): warning C4189:  'dfa': la variable local se ha inicializado pero no se hace referencia a ella
C:\Users\ciber\src\latino\src\regex-2.7-src\src\regexec.c(501,25): warning C4131:  're_copy_regs': utiliza el declarador de estilo anterior
C:\Users\ciber\src\latino\src\regex-2.7-src\src\regexec.c(524,11): warning C4018:  '>': no coinciden signed/unsigned
C:\Users\ciber\src\latino\src\regex-2.7-src\src\regexec.c(549,13): warning C4018:  '<': no coinciden signed/unsigned
C:\Users\ciber\src\latino\src\regex-2.7-src\src\regexec.c(570,30): warning C4131:  're_set_registers': utiliza el declarador de estilo anterior
C:\Users\ciber\src\latino\src\regex-2.7-src\src\regexec.c(570,30): warning C4273:  're_set_registers': vinculación de DLL incoherente
C:\Users\ciber\src\latino\src\regex-2.7-src\src\regex.h(535,23): message :  vea la definición anterior de 're_set_registers'
C:\Users\ciber\src\latino\src\regex-2.7-src\src\regexec.c(622,19): warning C4131:  're_search_internal': utiliza el declarador de estilo anterior
C:\Users\ciber\src\latino\src\regex-2.7-src\src\regexec.c(648,77): warning C4267:  '=': conversión de 'size_t' a 'int'; posible pérdida de datos
C:\Users\ciber\src\latino\src\regex-2.7-src\src\regexec.c(678,76): warning C4267:  'función': conversión de 'size_t' a 'int'; posible pérdida de datos
C:\Users\ciber\src\latino\src\regex-2.7-src\src\regexec.c(684,51): warning C4244:  '=': conversión de 'const unsigned int' a 'unsigned char'; posible pérdida de datos
C:\Users\ciber\src\latino\src\regex-2.7-src\src\regexec.c(940,25): warning C4131:  'prune_impossible_nodes': utiliza el declarador de estilo anterior
C:\Users\ciber\src\latino\src\regex-2.7-src\src\regexec.c(1432,70): warning C4267:  'función': conversión de 'size_t' a 'int'; posible pérdida de datos
C:\Users\ciber\src\latino\src\regex-2.7-src\src\regexec.c(1449,51): warning C4267:  'función': conversión de 'size_t' a 'int'; posible pérdida de datos
C:\Users\ciber\src\latino\src\regex-2.7-src\src\regexec.c(1462,49): warning C4267:  'función': conversión de 'size_t' a 'int'; posible pérdida de datos
C:\Users\ciber\src\latino\src\regex-2.7-src\src\regexec.c(1476,49): warning C4267:  'función': conversión de 'size_t' a 'int'; posible pérdida de datos
C:\Users\ciber\src\latino\src\regex-2.7-src\src\regexec.c(3036,17): warning C4189:  'err': la variable local se ha inicializado pero no se hace referencia a ella
C:\Users\ciber\src\latino\src\regex-2.7-src\src\regexec.c(3036,17): warning C4189: C:\Users\ciber\src\latino\src\regex-2.7-src\src\regexec.c(2203) : warning C4701: posiblemente se utilizó la variable local 'local_sctx' sin inicializar
  regex2.vcxproj -> C:\Users\ciber\src\latino\visualstudio\src\regex-2.7-src\src\Release\regex2.lib
